<?xml version="1.0" encoding="utf-8"?><testsuites name="pytest tests"><testsuite name="pytest" errors="0" failures="1" skipped="0" tests="16" time="9.693" timestamp="2026-02-04T11:04:11.995547+00:00" hostname="agent-env-a1923a8f-3e1b-46f5-8746-dd0b9f225fd1"><testcase classname="backend.tests.test_double_counting_fix.TestDoubleCountingFix" name="test_01_login_success" time="0.616" /><testcase classname="backend.tests.test_double_counting_fix.TestDoubleCountingFix" name="test_02_checkin_with_advance_creates_only_income" time="0.696"><failure message="AssertionError: DailySale should NOT be created during check-in (found 1)&#10;assert 1 == 0&#10; +  where 1 = len([{'additional_charges': 0.0, 'advance_amount': 2000.0, 'created_at': '2026-02-04T11:03:42.309000', 'customer_name': 'TEST_DOUBLE_CheckinAdvance', ...}])">backend/tests/test_double_counting_fix.py:172: in test_02_checkin_with_advance_creates_only_income
    assert len(new_sales) == 0, f"DailySale should NOT be created during check-in (found {len(new_sales)})"
E   AssertionError: DailySale should NOT be created during check-in (found 1)
E   assert 1 == 0
E    +  where 1 = len([{'additional_charges': 0.0, 'advance_amount': 2000.0, 'created_at': '2026-02-04T11:03:42.309000', 'customer_name': 'TEST_DOUBLE_CheckinAdvance', ...}])</failure></testcase><testcase classname="backend.tests.test_double_counting_fix.TestDoubleCountingFix" name="test_03_advance_payment_for_checked_in_customer" time="0.562" /><testcase classname="backend.tests.test_double_counting_fix.TestDoubleCountingFix" name="test_04_regular_checkout_creates_only_daily_sale" time="0.502" /><testcase classname="backend.tests.test_double_counting_fix.TestDoubleCountingFix" name="test_05_early_checkout_with_collection" time="0.589" /><testcase classname="backend.tests.test_double_counting_fix.TestDoubleCountingFix" name="test_06_early_checkout_with_refund" time="0.966" /><testcase classname="backend.tests.test_double_counting_fix.TestDoubleCountingFix" name="test_07_financial_summary_calculation" time="0.611" /><testcase classname="backend.tests.test_stay_modifications.TestStayModifications" name="test_01_login_success" time="0.883" /><testcase classname="backend.tests.test_stay_modifications.TestStayModifications" name="test_02_get_checked_in_customers" time="0.375" /><testcase classname="backend.tests.test_stay_modifications.TestStayModifications" name="test_03_extend_stay_success" time="0.495" /><testcase classname="backend.tests.test_stay_modifications.TestStayModifications" name="test_04_extend_stay_invalid_date" time="0.405" /><testcase classname="backend.tests.test_stay_modifications.TestStayModifications" name="test_05_extend_stay_conflict_check" time="0.567" /><testcase classname="backend.tests.test_stay_modifications.TestStayModifications" name="test_06_checkout_preview_uses_customer_rate" time="0.602" /><testcase classname="backend.tests.test_stay_modifications.TestStayModifications" name="test_07_early_checkout_uses_customer_rate" time="0.681" /><testcase classname="backend.tests.test_stay_modifications.TestStayModifications" name="test_08_number_formatting_in_response" time="0.492" /><testcase classname="backend.tests.test_stay_modifications.TestStayModifications" name="test_09_dashboard_shows_updated_checkout" time="0.490" /></testsuite></testsuites>