<?xml version="1.0" encoding="utf-8"?><testsuites name="pytest tests"><testsuite name="pytest" errors="0" failures="0" skipped="0" tests="13" time="5.940" timestamp="2026-02-08T18:20:53.927788+00:00" hostname="agent-env-28958918-9e3a-488f-90e1-0d334fa9e1f4"><testcase classname="backend.tests.test_sms_notifications.TestSMSNotificationSystem" name="test_01_sms_settings_configured" time="0.320" /><testcase classname="backend.tests.test_sms_notifications.TestSMSNotificationSystem" name="test_02_sms_templates_exist" time="0.286" /><testcase classname="backend.tests.test_sms_notifications.TestSMSNotificationSystem" name="test_03_custom_sms_endpoint_exists" time="1.110" /><testcase classname="backend.tests.test_sms_notifications.TestSMSNotificationSystem" name="test_04_custom_email_endpoint_exists" time="0.280" /><testcase classname="backend.tests.test_sms_notifications.TestSMSNotificationSystem" name="test_05_message_logs_endpoint" time="0.277" /><testcase classname="backend.tests.test_sms_notifications.TestSMSNotificationSystem" name="test_06_guests_endpoint_returns_data" time="0.275" /><testcase classname="backend.tests.test_sms_notifications.TestSMSNotificationSystem" name="test_07_cleaning_staff_endpoint" time="0.278" /><testcase classname="backend.tests.test_sms_notifications.TestSMSNotificationSystem" name="test_08_rooms_pending_cleaning" time="0.273" /><testcase classname="backend.tests.test_sms_notifications.TestSMSNotificationSystem" name="test_09_booking_creation_with_phone" time="0.795" /><testcase classname="backend.tests.test_sms_notifications.TestSMSNotificationSystem" name="test_10_send_custom_sms_with_valid_data" time="1.050" /><testcase classname="backend.tests.test_sms_notifications.TestEmailNotificationSystem" name="test_01_email_settings_endpoint" time="0.307" /><testcase classname="backend.tests.test_sms_notifications.TestEmailNotificationSystem" name="test_02_email_templates_exist" time="0.273" /><testcase classname="backend.tests.test_sms_notifications.TestEmailNotificationSystem" name="test_03_custom_email_endpoint_validation" time="0.268" /></testsuite></testsuites>