<?xml version="1.0" encoding="utf-8"?><testsuites name="pytest tests"><testsuite name="pytest" errors="0" failures="1" skipped="0" tests="24" time="9.706" timestamp="2026-02-08T08:54:51.037910+00:00" hostname="agent-env-0126eb33-fcc7-43da-8304-b7066d58b218"><testcase classname="backend.tests.test_double_counting_fix.TestDoubleCountingFix" name="test_01_login_success" time="0.635" /><testcase classname="backend.tests.test_double_counting_fix.TestDoubleCountingFix" name="test_02_checkin_with_advance_creates_only_income" time="0.919" /><testcase classname="backend.tests.test_double_counting_fix.TestDoubleCountingFix" name="test_03_advance_payment_for_checked_in_customer" time="0.717" /><testcase classname="backend.tests.test_double_counting_fix.TestDoubleCountingFix" name="test_04_regular_checkout_creates_only_daily_sale" time="0.566"><failure message="AssertionError: Checkout failed: Internal Server Error&#10;assert 520 == 200&#10; +  where 520 = &lt;Response [520]&gt;.status_code">backend/tests/test_double_counting_fix.py:333: in test_04_regular_checkout_creates_only_daily_sale
    assert checkout_response.status_code == 200, f"Checkout failed: {checkout_response.text}"
E   AssertionError: Checkout failed: Internal Server Error
E   assert 520 == 200
E    +  where 520 = &lt;Response [520]&gt;.status_code</failure></testcase><testcase classname="backend.tests.test_double_counting_fix.TestDoubleCountingFix" name="test_05_early_checkout_with_collection" time="0.481" /><testcase classname="backend.tests.test_double_counting_fix.TestDoubleCountingFix" name="test_06_early_checkout_with_refund" time="0.610" /><testcase classname="backend.tests.test_double_counting_fix.TestDoubleCountingFix" name="test_07_financial_summary_calculation" time="0.442" /><testcase classname="backend.tests.test_p1_features.TestAuthentication" name="test_login_with_admin_credentials" time="0.260" /><testcase classname="backend.tests.test_p1_features.TestAuthentication" name="test_login_with_invalid_credentials" time="0.019" /><testcase classname="backend.tests.test_p1_features.TestTaxesEndpoint" name="test_taxes_returns_array" time="0.018" /><testcase classname="backend.tests.test_p1_features.TestPayrollSettings" name="test_payroll_settings_returns_data" time="0.402" /><testcase classname="backend.tests.test_p1_features.TestRestaurantExpenses" name="test_restaurant_expenses_returns_array" time="0.017" /><testcase classname="backend.tests.test_p1_features.TestSMSSettings" name="test_sms_settings_returns_data" time="0.018" /><testcase classname="backend.tests.test_p1_features.TestEmailSettings" name="test_email_settings_returns_data" time="0.294" /><testcase classname="backend.tests.test_p1_features.TestRoomsEndpoint" name="test_rooms_returns_array" time="0.017" /><testcase classname="backend.tests.test_stay_modifications.TestStayModifications" name="test_01_login_success" time="0.589" /><testcase classname="backend.tests.test_stay_modifications.TestStayModifications" name="test_02_get_checked_in_customers" time="0.350" /><testcase classname="backend.tests.test_stay_modifications.TestStayModifications" name="test_03_extend_stay_success" time="0.439" /><testcase classname="backend.tests.test_stay_modifications.TestStayModifications" name="test_04_extend_stay_invalid_date" time="0.378" /><testcase classname="backend.tests.test_stay_modifications.TestStayModifications" name="test_05_extend_stay_conflict_check" time="0.351" /><testcase classname="backend.tests.test_stay_modifications.TestStayModifications" name="test_06_checkout_preview_uses_customer_rate" time="0.581" /><testcase classname="backend.tests.test_stay_modifications.TestStayModifications" name="test_07_early_checkout_uses_customer_rate" time="0.377" /><testcase classname="backend.tests.test_stay_modifications.TestStayModifications" name="test_08_number_formatting_in_response" time="0.566" /><testcase classname="backend.tests.test_stay_modifications.TestStayModifications" name="test_09_dashboard_shows_updated_checkout" time="0.458" /></testsuite></testsuites>