<?xml version="1.0" encoding="utf-8"?><testsuites name="pytest tests"><testsuite name="pytest" errors="0" failures="0" skipped="0" tests="6" time="2.036" timestamp="2026-02-08T09:14:11.038290+00:00" hostname="agent-env-0126eb33-fcc7-43da-8304-b7066d58b218"><testcase classname="backend.tests.test_tax_config.TestTaxConfiguration" name="test_01_get_taxes_list" time="0.300" /><testcase classname="backend.tests.test_tax_config.TestTaxConfiguration" name="test_02_calculate_booking_taxes" time="0.316" /><testcase classname="backend.tests.test_tax_config.TestTaxConfiguration" name="test_03_calculate_restaurant_taxes" time="0.288" /><testcase classname="backend.tests.test_tax_config.TestTaxConfiguration" name="test_04_toggle_apply_to_bookings" time="0.394" /><testcase classname="backend.tests.test_tax_config.TestTaxConfiguration" name="test_05_create_new_tax" time="0.324" /><testcase classname="backend.tests.test_tax_config.TestTaxConfiguration" name="test_06_verify_vat_for_restaurant" time="0.284" /></testsuite></testsuites>